<?xml version="1.0" encoding="UTF-8"?>
<testng-results skipped="0" failed="0" ignored="0" total="0" passed="0">
  <reporter-output>
  </reporter-output>
  <suite name="PackageFlipKartMaven.MavenProjectRunInCmd.AppTest" duration-ms="31" started-at="2020-01-29T10:34:39 IST" finished-at="2020-01-29T10:34:39 IST">
    <groups>
    </groups>
    <test name="Command line test" duration-ms="31" started-at="2020-01-29T10:34:39 IST" finished-at="2020-01-29T10:34:39 IST">
    </test> <!-- Command line test -->
  </suite> <!-- PackageFlipKartMaven.MavenProjectRunInCmd.AppTest -->
</testng-results>
